2024-10-15 16:08:31,906 [INFO ]  Loading data completed, start the training process
2024-10-15 16:08:31,909 [DEBUG]  Current task with data (100000, 8) scope [0, 1, 2, 3, 4, 5, 6, 7] and condition []
2024-10-15 16:08:46,234 [DEBUG]  calculating pairwise RDC on sample 100000 takes 14.306674003601074 secs
2024-10-15 16:08:46,237 [DEBUG]  OP: Operation.FACTORIZE on slice (100000, 8) (remaining tasks 0)
2024-10-15 16:08:46,238 [DEBUG]  Factorize node found the strong connected component[0, 1, 2, 3, 4, 6, 7]
2024-10-15 16:08:46,238 [DEBUG]  We only factor out [0, 1, 2, 3, 4, 6, 7]
2024-10-15 16:08:46,248 [DEBUG]  Factorize node factor out weak connected component[5]
2024-10-15 16:08:46,249 [DEBUG]  Factorize node found a strongly connect component[0, 1, 2, 3, 4, 6, 7], condition on [5]
2024-10-15 16:08:46,256 [DEBUG]  Current task with data (100000, 1) scope [5] and condition []
2024-10-15 16:08:46,256 [DEBUG]  OP: Operation.CREATE_LEAF on slice (100000, 1) (remaining tasks 1)
2024-10-15 16:08:46,272 [DEBUG]  		 created leaf Histogram for scope=[5] and condition=[] (in 0.01571 secs)
2024-10-15 16:08:46,272 [DEBUG]  Current task with data (100000, 8) scope [0, 1, 2, 3, 4, 6, 7] and condition [5]
2024-10-15 16:08:59,040 [DEBUG]  calculating pairwise RDC on sample 100000 takes 12.759934902191162 secs
2024-10-15 16:08:59,042 [DEBUG]  OP: Operation.SPLIT_ROWS_CONDITION on slice (100000, 8) (remaining tasks 0)
2024-10-15 16:08:59,046 [DEBUG]  fanout_location [], condition_location [5], query_attr [5]
2024-10-15 16:08:59,046 [INFO ]  find optimal attribute: 5
2024-10-15 16:08:59,062 [INFO ]  find optimal clusters: [{5: [(0, 13)]}, {5: [(14.0, 29)]}]
2024-10-15 16:08:59,077 [DEBUG]  		found 2 row clusters (in 0.03401 secs)
2024-10-15 16:08:59,078 [DEBUG]  Current task with data (49098, 8) scope [0, 1, 2, 3, 4, 6, 7] and condition [5]
2024-10-15 16:09:06,035 [DEBUG]  calculating pairwise RDC on sample 100000 takes 6.95179009437561 secs
2024-10-15 16:09:06,035 [DEBUG]  OP: Operation.SPLIT_ROWS_CONDITION on slice (49098, 8) (remaining tasks 1)
2024-10-15 16:09:06,035 [DEBUG]  fanout_location [], condition_location [5], query_attr [5]
2024-10-15 16:09:06,035 [INFO ]  find optimal attribute: 5
2024-10-15 16:09:06,049 [INFO ]  find optimal clusters: [{5: [(0, 8)]}, {5: [(9.0, 13)]}]
2024-10-15 16:09:06,060 [DEBUG]  		found 2 row clusters (in 0.02486 secs)
2024-10-15 16:09:06,067 [DEBUG]  Current task with data (50902, 8) scope [0, 1, 2, 3, 4, 6, 7] and condition [5]
2024-10-15 16:09:13,470 [DEBUG]  calculating pairwise RDC on sample 100000 takes 7.385297536849976 secs
2024-10-15 16:09:13,471 [DEBUG]  OP: Operation.SPLIT_ROWS_CONDITION on slice (50902, 8) (remaining tasks 2)
2024-10-15 16:09:13,471 [DEBUG]  fanout_location [], condition_location [5], query_attr [5]
2024-10-15 16:09:13,471 [INFO ]  find optimal attribute: 5
2024-10-15 16:09:13,479 [INFO ]  find optimal clusters: [{5: [(14, 18)]}, {5: [(19.0, 29)]}]
2024-10-15 16:09:13,494 [DEBUG]  		found 2 row clusters (in 0.02265 secs)
2024-10-15 16:09:13,494 [DEBUG]  Current task with data (23998, 8) scope [0, 1, 2, 3, 4, 6, 7] and condition [5]
2024-10-15 16:09:16,855 [DEBUG]  calculating pairwise RDC on sample 100000 takes 3.357332229614258 secs
2024-10-15 16:09:16,856 [DEBUG]  OP: Operation.SPLIT_ROWS_CONDITION on slice (23998, 8) (remaining tasks 3)
2024-10-15 16:09:16,856 [DEBUG]  fanout_location [], condition_location [5], query_attr [5]
2024-10-15 16:09:16,856 [INFO ]  find optimal attribute: 5
2024-10-15 16:09:16,861 [INFO ]  find optimal clusters: [{5: [(0, 5)]}, {5: [(6.0, 8)]}]
2024-10-15 16:09:16,864 [DEBUG]  		found 2 row clusters (in 0.00802 secs)
2024-10-15 16:09:16,865 [DEBUG]  Current task with data (25100, 8) scope [0, 1, 2, 3, 4, 6, 7] and condition [5]
2024-10-15 16:09:21,884 [DEBUG]  calculating pairwise RDC on sample 100000 takes 5.01418662071228 secs
2024-10-15 16:09:21,885 [DEBUG]  OP: Operation.SPLIT_ROWS_CONDITION on slice (25100, 8) (remaining tasks 4)
2024-10-15 16:09:21,885 [DEBUG]  fanout_location [], condition_location [5], query_attr [5]
2024-10-15 16:09:21,885 [INFO ]  find optimal attribute: 5
2024-10-15 16:09:21,889 [INFO ]  find optimal clusters: [{5: [(9, 10)]}, {5: [(11.0, 13)]}]
2024-10-15 16:09:21,892 [DEBUG]  		found 2 row clusters (in 0.00714 secs)
2024-10-15 16:09:21,893 [DEBUG]  Current task with data (25100, 8) scope [0, 1, 2, 3, 4, 6, 7] and condition [5]
2024-10-15 16:09:25,601 [DEBUG]  calculating pairwise RDC on sample 100000 takes 3.704712152481079 secs
2024-10-15 16:09:25,601 [DEBUG]  OP: Operation.SPLIT_ROWS_CONDITION on slice (25100, 8) (remaining tasks 5)
2024-10-15 16:09:25,601 [DEBUG]  fanout_location [], condition_location [5], query_attr [5]
2024-10-15 16:09:25,602 [INFO ]  find optimal attribute: 5
2024-10-15 16:09:25,605 [INFO ]  find optimal clusters: [{5: [(14, 15)]}, {5: [(16.0, 18)]}]
2024-10-15 16:09:25,608 [DEBUG]  		found 2 row clusters (in 0.00686 secs)
2024-10-15 16:09:25,609 [DEBUG]  Current task with data (25802, 8) scope [0, 1, 2, 3, 4, 6, 7] and condition [5]
2024-10-15 16:09:31,191 [DEBUG]  calculating pairwise RDC on sample 100000 takes 5.5788187980651855 secs
2024-10-15 16:09:31,192 [DEBUG]  OP: Operation.SPLIT_ROWS_CONDITION on slice (25802, 8) (remaining tasks 6)
2024-10-15 16:09:31,192 [DEBUG]  fanout_location [], condition_location [5], query_attr [5]
2024-10-15 16:09:31,192 [INFO ]  find optimal attribute: 5
2024-10-15 16:09:31,199 [INFO ]  find optimal clusters: [{5: [(19, 20)]}, {5: [(21.0, 29)]}]
2024-10-15 16:09:31,204 [DEBUG]  		found 2 row clusters (in 0.01155 secs)
2024-10-15 16:09:31,205 [DEBUG]  Current task with data (11415, 8) scope [0, 1, 2, 3, 4, 6, 7] and condition [5]
2024-10-15 16:09:34,666 [DEBUG]  calculating pairwise RDC on sample 100000 takes 3.457916736602783 secs
2024-10-15 16:09:34,666 [DEBUG]  OP: Operation.SPLIT_ROWS_CONDITION on slice (11415, 8) (remaining tasks 7)
2024-10-15 16:09:34,667 [DEBUG]  fanout_location [], condition_location [5], query_attr [5]
2024-10-15 16:09:34,667 [INFO ]  find optimal attribute: 5
2024-10-15 16:09:34,669 [INFO ]  find optimal clusters: [{5: [(0, 3)]}, {5: [(4.0, 5)]}]
2024-10-15 16:09:34,671 [DEBUG]  		found 2 row clusters (in 0.00399 secs)
2024-10-15 16:09:34,672 [DEBUG]  Current task with data (12583, 8) scope [0, 1, 2, 3, 4, 6, 7] and condition [5]
2024-10-15 16:09:36,577 [DEBUG]  calculating pairwise RDC on sample 100000 takes 1.9021518230438232 secs
2024-10-15 16:09:36,577 [DEBUG]  OP: Operation.SPLIT_ROWS_CONDITION on slice (12583, 8) (remaining tasks 8)
2024-10-15 16:09:36,577 [DEBUG]  fanout_location [], condition_location [5], query_attr [5]
2024-10-15 16:09:36,577 [INFO ]  find optimal attribute: 5
2024-10-15 16:09:36,579 [INFO ]  find optimal clusters: [{5: [(6, 6)]}, {5: [(7.0, 8)]}]
2024-10-15 16:09:36,581 [DEBUG]  		found 2 row clusters (in 0.00355 secs)
2024-10-15 16:09:36,581 [DEBUG]  Current task with data (10058, 8) scope [0, 1, 2, 3, 4, 6, 7] and condition [5]
2024-10-15 16:09:39,546 [DEBUG]  calculating pairwise RDC on sample 100000 takes 2.9628469944000244 secs
2024-10-15 16:09:39,546 [DEBUG]  OP: Operation.SPLIT_ROWS_CONDITION on slice (10058, 8) (remaining tasks 9)
2024-10-15 16:09:39,546 [DEBUG]  fanout_location [], condition_location [5], query_attr [5]
2024-10-15 16:09:39,546 [INFO ]  find optimal attribute: 5
2024-10-15 16:09:39,547 [INFO ]  find optimal clusters: [{5: [(9, 9)]}, {5: [(10, 10)]}]
2024-10-15 16:09:39,549 [DEBUG]  		found 2 row clusters (in 0.00267 secs)
2024-10-15 16:09:39,549 [DEBUG]  Current task with data (15042, 8) scope [0, 1, 2, 3, 4, 6, 7] and condition [5]
2024-10-15 16:09:42,559 [DEBUG]  calculating pairwise RDC on sample 100000 takes 3.002981662750244 secs
2024-10-15 16:09:42,559 [DEBUG]  OP: Operation.SPLIT_ROWS_CONDITION on slice (15042, 8) (remaining tasks 10)
2024-10-15 16:09:42,559 [DEBUG]  fanout_location [], condition_location [5], query_attr [5]
2024-10-15 16:09:42,559 [INFO ]  find optimal attribute: 5
2024-10-15 16:09:42,562 [INFO ]  find optimal clusters: [{5: [(11, 11)]}, {5: [(12.0, 13)]}]
2024-10-15 16:09:42,564 [DEBUG]  		found 2 row clusters (in 0.00460 secs)
2024-10-15 16:09:42,564 [DEBUG]  Current task with data (9933, 8) scope [0, 1, 2, 3, 4, 6, 7] and condition [5]
2024-10-15 16:09:45,444 [DEBUG]  calculating pairwise RDC on sample 100000 takes 2.8392386436462402 secs
2024-10-15 16:09:45,444 [DEBUG]  OP: Operation.REMOVE_CONDITION on slice (9933, 8) (remaining tasks 11)
2024-10-15 16:09:45,444 [DEBUG]  Removed uniformative condition [5]
2024-10-15 16:09:45,445 [DEBUG]  Current task with data (15167, 8) scope [0, 1, 2, 3, 4, 6, 7] and condition [5]
2024-10-15 16:09:49,518 [DEBUG]  calculating pairwise RDC on sample 100000 takes 4.070185661315918 secs
2024-10-15 16:09:49,519 [DEBUG]  OP: Operation.SPLIT_ROWS_CONDITION on slice (15167, 8) (remaining tasks 11)
2024-10-15 16:09:49,540 [DEBUG]  fanout_location [], condition_location [5], query_attr [5]
2024-10-15 16:09:49,541 [INFO ]  find optimal attribute: 5
2024-10-15 16:09:49,543 [INFO ]  find optimal clusters: [{5: [(16, 16)]}, {5: [(17.0, 18)]}]
2024-10-15 16:09:49,545 [DEBUG]  		found 2 row clusters (in 0.02624 secs)
2024-10-15 16:09:49,546 [DEBUG]  Current task with data (8969, 8) scope [0, 1, 2, 3, 4, 6, 7] and condition [5]
2024-10-15 16:09:52,882 [DEBUG]  calculating pairwise RDC on sample 100000 takes 3.3350555896759033 secs
2024-10-15 16:09:52,883 [DEBUG]  OP: Operation.SPLIT_ROWS_CONDITION on slice (8969, 8) (remaining tasks 12)
2024-10-15 16:09:52,883 [DEBUG]  fanout_location [], condition_location [5], query_attr [5]
2024-10-15 16:09:52,883 [INFO ]  find optimal attribute: 5
2024-10-15 16:09:52,884 [INFO ]  find optimal clusters: [{5: [(19, 19)]}, {5: [(20, 20)]}]
2024-10-15 16:09:52,885 [DEBUG]  		found 2 row clusters (in 0.00221 secs)
2024-10-15 16:09:52,885 [DEBUG]  Current task with data (16833, 8) scope [0, 1, 2, 3, 4, 6, 7] and condition [5]
2024-10-15 16:09:56,697 [DEBUG]  calculating pairwise RDC on sample 100000 takes 3.8093912601470947 secs
2024-10-15 16:09:56,698 [DEBUG]  OP: Operation.SPLIT_ROWS_CONDITION on slice (16833, 8) (remaining tasks 13)
2024-10-15 16:09:56,698 [DEBUG]  fanout_location [], condition_location [5], query_attr [5]
2024-10-15 16:09:56,698 [INFO ]  find optimal attribute: 5
2024-10-15 16:09:56,702 [INFO ]  find optimal clusters: [{5: [(21, 22)]}, {5: [(23.0, 29)]}]
2024-10-15 16:09:56,704 [DEBUG]  		found 2 row clusters (in 0.00617 secs)
2024-10-15 16:09:56,705 [DEBUG]  Current task with data (5555, 8) scope [0, 1, 2, 3, 4, 6, 7] and condition [5]
2024-10-15 16:09:59,308 [DEBUG]  calculating pairwise RDC on sample 100000 takes 2.601425886154175 secs
2024-10-15 16:09:59,308 [DEBUG]  OP: Operation.SPLIT_ROWS_CONDITION on slice (5555, 8) (remaining tasks 14)
2024-10-15 16:09:59,308 [DEBUG]  fanout_location [], condition_location [5], query_attr [5]
2024-10-15 16:09:59,309 [INFO ]  find optimal attribute: 5
2024-10-15 16:09:59,310 [INFO ]  find optimal clusters: [{5: [(0, 1)]}, {5: [(2.0, 3)]}]
2024-10-15 16:09:59,311 [DEBUG]  		found 2 row clusters (in 0.00225 secs)
2024-10-15 16:09:59,311 [DEBUG]  Current task with data (5860, 8) scope [0, 1, 2, 3, 4, 6, 7] and condition [5]
2024-10-15 16:10:02,500 [DEBUG]  calculating pairwise RDC on sample 100000 takes 3.1877894401550293 secs
2024-10-15 16:10:02,501 [DEBUG]  OP: Operation.REMOVE_CONDITION on slice (5860, 8) (remaining tasks 15)
2024-10-15 16:10:02,501 [DEBUG]  Removed uniformative condition [5]
2024-10-15 16:10:02,502 [DEBUG]  Current task with data (3880, 8) scope [0, 1, 2, 3, 4, 6, 7] and condition [5]
2024-10-15 16:10:02,503 [DEBUG]  OP: Operation.REMOVE_UNINFORMATIVE_FEATURES on slice (3880, 8) (remaining tasks 15)
2024-10-15 16:10:02,503 [DEBUG]  find uninformation condition, keeping only condition []
2024-10-15 16:10:02,504 [DEBUG]  The rest scope [0, 1, 2, 3, 4, 6, 7] and condition [] keep
2024-10-15 16:10:02,504 [DEBUG]  Current task with data (8703, 8) scope [0, 1, 2, 3, 4, 6, 7] and condition [5]
2024-10-15 16:10:05,484 [DEBUG]  calculating pairwise RDC on sample 100000 takes 2.9786784648895264 secs
2024-10-15 16:10:05,485 [DEBUG]  OP: Operation.SPLIT_ROWS_CONDITION on slice (8703, 8) (remaining tasks 15)
2024-10-15 16:10:05,485 [DEBUG]  fanout_location [], condition_location [5], query_attr [5]
2024-10-15 16:10:05,486 [INFO ]  find optimal attribute: 5
2024-10-15 16:10:05,487 [INFO ]  find optimal clusters: [{5: [(7, 7)]}, {5: [(8, 8)]}]
2024-10-15 16:10:05,489 [DEBUG]  		found 2 row clusters (in 0.00342 secs)
2024-10-15 16:10:05,489 [DEBUG]  Current task with data (5018, 8) scope [0, 1, 2, 3, 4, 6, 7] and condition [5]
2024-10-15 16:10:05,492 [DEBUG]  OP: Operation.REMOVE_UNINFORMATIVE_FEATURES on slice (5018, 8) (remaining tasks 16)
2024-10-15 16:10:05,492 [DEBUG]  find uninformation condition, keeping only condition []
2024-10-15 16:10:05,492 [DEBUG]  The rest scope [0, 1, 2, 3, 4, 6, 7] and condition [] keep
2024-10-15 16:10:05,493 [DEBUG]  Current task with data (5040, 8) scope [0, 1, 2, 3, 4, 6, 7] and condition [5]
2024-10-15 16:10:05,494 [DEBUG]  OP: Operation.REMOVE_UNINFORMATIVE_FEATURES on slice (5040, 8) (remaining tasks 16)
2024-10-15 16:10:05,494 [DEBUG]  find uninformation condition, keeping only condition []
2024-10-15 16:10:05,494 [DEBUG]  The rest scope [0, 1, 2, 3, 4, 6, 7] and condition [] keep
2024-10-15 16:10:05,494 [DEBUG]  Current task with data (4948, 8) scope [0, 1, 2, 3, 4, 6, 7] and condition [5]
2024-10-15 16:10:05,496 [DEBUG]  OP: Operation.REMOVE_UNINFORMATIVE_FEATURES on slice (4948, 8) (remaining tasks 16)
2024-10-15 16:10:05,496 [DEBUG]  find uninformation condition, keeping only condition []
2024-10-15 16:10:05,497 [DEBUG]  The rest scope [0, 1, 2, 3, 4, 6, 7] and condition [] keep
2024-10-15 16:10:05,497 [DEBUG]  Current task with data (10094, 8) scope [0, 1, 2, 3, 4, 6, 7] and condition [5]
2024-10-15 16:10:09,219 [DEBUG]  calculating pairwise RDC on sample 100000 takes 3.7205116748809814 secs
2024-10-15 16:10:09,220 [DEBUG]  OP: Operation.REMOVE_CONDITION on slice (10094, 8) (remaining tasks 16)
2024-10-15 16:10:09,220 [DEBUG]  Removed uniformative condition [5]
2024-10-15 16:10:09,220 [DEBUG]  Current task with data (9933, 7) scope [0, 1, 2, 3, 4, 6, 7] and condition []
2024-10-15 16:10:09,220 [DEBUG]  OP: Operation.CREATE_LEAF on slice (9933, 7) (remaining tasks 16)
2024-10-15 16:10:09,227 [INFO ]  Multihistogram of size [7, 6, 11, 13, 22, 7, 33]
2024-10-15 16:10:10,651 [DEBUG]  		 created leaf Multi_histogram for scope=[0, 1, 2, 3, 4, 6, 7] and condition=[] (in 1.42866 secs)
2024-10-15 16:10:10,653 [DEBUG]  Current task with data (5081, 8) scope [0, 1, 2, 3, 4, 6, 7] and condition [5]
2024-10-15 16:10:10,656 [DEBUG]  OP: Operation.REMOVE_UNINFORMATIVE_FEATURES on slice (5081, 8) (remaining tasks 15)
2024-10-15 16:10:10,657 [DEBUG]  find uninformation condition, keeping only condition []
2024-10-15 16:10:10,658 [DEBUG]  The rest scope [0, 1, 2, 3, 4, 6, 7] and condition [] keep
2024-10-15 16:10:10,659 [DEBUG]  Current task with data (10086, 8) scope [0, 1, 2, 3, 4, 6, 7] and condition [5]
2024-10-15 16:10:14,614 [DEBUG]  calculating pairwise RDC on sample 100000 takes 3.953092336654663 secs
2024-10-15 16:10:14,615 [DEBUG]  OP: Operation.SPLIT_ROWS_CONDITION on slice (10086, 8) (remaining tasks 15)
2024-10-15 16:10:14,615 [DEBUG]  fanout_location [], condition_location [5], query_attr [5]
2024-10-15 16:10:14,616 [INFO ]  find optimal attribute: 5
2024-10-15 16:10:14,617 [INFO ]  find optimal clusters: [{5: [(17, 17)]}, {5: [(18, 18)]}]
2024-10-15 16:10:14,619 [DEBUG]  		found 2 row clusters (in 0.00362 secs)
2024-10-15 16:10:14,620 [DEBUG]  Current task with data (4958, 8) scope [0, 1, 2, 3, 4, 6, 7] and condition [5]
2024-10-15 16:10:14,621 [DEBUG]  OP: Operation.REMOVE_UNINFORMATIVE_FEATURES on slice (4958, 8) (remaining tasks 16)
2024-10-15 16:10:14,622 [DEBUG]  find uninformation condition, keeping only condition []
2024-10-15 16:10:14,622 [DEBUG]  The rest scope [0, 1, 2, 3, 4, 6, 7] and condition [] keep
2024-10-15 16:10:14,623 [DEBUG]  Current task with data (4011, 8) scope [0, 1, 2, 3, 4, 6, 7] and condition [5]
2024-10-15 16:10:14,624 [DEBUG]  OP: Operation.REMOVE_UNINFORMATIVE_FEATURES on slice (4011, 8) (remaining tasks 16)
2024-10-15 16:10:14,624 [DEBUG]  find uninformation condition, keeping only condition []
2024-10-15 16:10:14,625 [DEBUG]  The rest scope [0, 1, 2, 3, 4, 6, 7] and condition [] keep
2024-10-15 16:10:14,625 [DEBUG]  Current task with data (7090, 8) scope [0, 1, 2, 3, 4, 6, 7] and condition [5]
2024-10-15 16:10:17,215 [DEBUG]  calculating pairwise RDC on sample 100000 takes 2.5883021354675293 secs
2024-10-15 16:10:17,216 [DEBUG]  OP: Operation.SPLIT_ROWS_CONDITION on slice (7090, 8) (remaining tasks 16)
2024-10-15 16:10:17,216 [DEBUG]  fanout_location [], condition_location [5], query_attr [5]
2024-10-15 16:10:17,216 [INFO ]  find optimal attribute: 5
2024-10-15 16:10:17,217 [INFO ]  find optimal clusters: [{5: [(21, 21)]}, {5: [(22, 22)]}]
2024-10-15 16:10:17,218 [DEBUG]  		found 2 row clusters (in 0.00243 secs)
2024-10-15 16:10:17,219 [DEBUG]  Current task with data (9743, 8) scope [0, 1, 2, 3, 4, 6, 7] and condition [5]
2024-10-15 16:10:21,155 [DEBUG]  calculating pairwise RDC on sample 100000 takes 3.9346797466278076 secs
2024-10-15 16:10:21,156 [DEBUG]  OP: Operation.SPLIT_ROWS_CONDITION on slice (9743, 8) (remaining tasks 17)
2024-10-15 16:10:21,157 [DEBUG]  fanout_location [], condition_location [5], query_attr [5]
2024-10-15 16:10:21,157 [INFO ]  find optimal attribute: 5
2024-10-15 16:10:21,166 [INFO ]  find optimal clusters: [{5: [(23, 23)]}, {5: [(24.0, 29)]}]
2024-10-15 16:10:21,167 [DEBUG]  		found 2 row clusters (in 0.01065 secs)
2024-10-15 16:10:21,168 [DEBUG]  Current task with data (1715, 8) scope [0, 1, 2, 3, 4, 6, 7] and condition [5]
2024-10-15 16:10:21,747 [DEBUG]  calculating pairwise RDC on sample 100000 takes 0.5775125026702881 secs
2024-10-15 16:10:21,748 [DEBUG]  OP: Operation.REMOVE_CONDITION on slice (1715, 8) (remaining tasks 18)
2024-10-15 16:10:21,748 [DEBUG]  Removed uniformative condition [5]
2024-10-15 16:10:21,748 [DEBUG]  Current task with data (3840, 8) scope [0, 1, 2, 3, 4, 6, 7] and condition [5]
2024-10-15 16:10:23,337 [DEBUG]  calculating pairwise RDC on sample 100000 takes 1.5873963832855225 secs
2024-10-15 16:10:23,338 [DEBUG]  OP: Operation.REMOVE_CONDITION on slice (3840, 8) (remaining tasks 18)
2024-10-15 16:10:23,338 [DEBUG]  Removed uniformative condition [5]
2024-10-15 16:10:23,339 [DEBUG]  Current task with data (5860, 7) scope [0, 1, 2, 3, 4, 6, 7] and condition []
2024-10-15 16:10:23,339 [DEBUG]  OP: Operation.CREATE_LEAF on slice (5860, 7) (remaining tasks 18)
2024-10-15 16:10:23,344 [INFO ]  Multihistogram of size [4, 4, 6, 8, 12, 4, 17]
2024-10-15 16:10:23,371 [DEBUG]  		 created leaf Multi_histogram for scope=[0, 1, 2, 3, 4, 6, 7] and condition=[] (in 0.03186 secs)
2024-10-15 16:10:23,372 [DEBUG]  Current task with data (3880, 7) scope [0, 1, 2, 3, 4, 6, 7] and condition []
2024-10-15 16:10:23,373 [DEBUG]  OP: Operation.CREATE_LEAF on slice (3880, 7) (remaining tasks 17)
2024-10-15 16:10:23,377 [INFO ]  Multihistogram of size [5, 5, 8, 10, 16, 5, 23]
2024-10-15 16:10:23,515 [DEBUG]  		 created leaf Multi_histogram for scope=[0, 1, 2, 3, 4, 6, 7] and condition=[] (in 0.14153 secs)
2024-10-15 16:10:23,515 [DEBUG]  Current task with data (3816, 8) scope [0, 1, 2, 3, 4, 6, 7] and condition [5]
2024-10-15 16:10:23,516 [DEBUG]  OP: Operation.REMOVE_UNINFORMATIVE_FEATURES on slice (3816, 8) (remaining tasks 16)
2024-10-15 16:10:23,516 [DEBUG]  find uninformation condition, keeping only condition []
2024-10-15 16:10:23,516 [DEBUG]  The rest scope [0, 1, 2, 3, 4, 6, 7] and condition [] keep
2024-10-15 16:10:23,516 [DEBUG]  Current task with data (4887, 8) scope [0, 1, 2, 3, 4, 6, 7] and condition [5]
2024-10-15 16:10:23,517 [DEBUG]  OP: Operation.REMOVE_UNINFORMATIVE_FEATURES on slice (4887, 8) (remaining tasks 16)
2024-10-15 16:10:23,517 [DEBUG]  find uninformation condition, keeping only condition []
2024-10-15 16:10:23,518 [DEBUG]  The rest scope [0, 1, 2, 3, 4, 6, 7] and condition [] keep
2024-10-15 16:10:23,518 [DEBUG]  Current task with data (5018, 7) scope [0, 1, 2, 3, 4, 6, 7] and condition []
2024-10-15 16:10:23,518 [DEBUG]  OP: Operation.CREATE_LEAF on slice (5018, 7) (remaining tasks 16)
2024-10-15 16:10:23,522 [INFO ]  Multihistogram of size [6, 6, 10, 12, 20, 6, 29]
2024-10-15 16:10:24,129 [DEBUG]  		 created leaf Multi_histogram for scope=[0, 1, 2, 3, 4, 6, 7] and condition=[] (in 0.61080 secs)
2024-10-15 16:10:24,129 [DEBUG]  Current task with data (5040, 7) scope [0, 1, 2, 3, 4, 6, 7] and condition []
2024-10-15 16:10:24,130 [DEBUG]  OP: Operation.CREATE_LEAF on slice (5040, 7) (remaining tasks 15)
2024-10-15 16:10:24,134 [INFO ]  Multihistogram of size [7, 6, 11, 13, 22, 7, 33]
2024-10-15 16:10:25,414 [DEBUG]  		 created leaf Multi_histogram for scope=[0, 1, 2, 3, 4, 6, 7] and condition=[] (in 1.28392 secs)
2024-10-15 16:10:25,414 [DEBUG]  Current task with data (4948, 7) scope [0, 1, 2, 3, 4, 6, 7] and condition []
2024-10-15 16:10:25,414 [DEBUG]  OP: Operation.CREATE_LEAF on slice (4948, 7) (remaining tasks 14)
2024-10-15 16:10:25,417 [INFO ]  Multihistogram of size [7, 6, 11, 13, 22, 7, 33]
2024-10-15 16:10:26,643 [DEBUG]  		 created leaf Multi_histogram for scope=[0, 1, 2, 3, 4, 6, 7] and condition=[] (in 1.22918 secs)
2024-10-15 16:10:26,644 [DEBUG]  Current task with data (10094, 7) scope [0, 1, 2, 3, 4, 6, 7] and condition []
2024-10-15 16:10:26,644 [DEBUG]  OP: Operation.CREATE_LEAF on slice (10094, 7) (remaining tasks 13)
2024-10-15 16:10:26,650 [INFO ]  Multihistogram of size [7, 6, 11, 13, 22, 7, 33]
2024-10-15 16:10:28,015 [DEBUG]  		 created leaf Multi_histogram for scope=[0, 1, 2, 3, 4, 6, 7] and condition=[] (in 1.37068 secs)
2024-10-15 16:10:28,015 [DEBUG]  Current task with data (5081, 7) scope [0, 1, 2, 3, 4, 6, 7] and condition []
2024-10-15 16:10:28,015 [DEBUG]  OP: Operation.CREATE_LEAF on slice (5081, 7) (remaining tasks 12)
2024-10-15 16:10:28,018 [INFO ]  Multihistogram of size [7, 6, 11, 13, 22, 7, 33]
2024-10-15 16:10:29,331 [DEBUG]  		 created leaf Multi_histogram for scope=[0, 1, 2, 3, 4, 6, 7] and condition=[] (in 1.31570 secs)
2024-10-15 16:10:29,332 [DEBUG]  Current task with data (5123, 8) scope [0, 1, 2, 3, 4, 6, 7] and condition [5]
2024-10-15 16:10:29,333 [DEBUG]  OP: Operation.REMOVE_UNINFORMATIVE_FEATURES on slice (5123, 8) (remaining tasks 11)
2024-10-15 16:10:29,333 [DEBUG]  find uninformation condition, keeping only condition []
2024-10-15 16:10:29,334 [DEBUG]  The rest scope [0, 1, 2, 3, 4, 6, 7] and condition [] keep
2024-10-15 16:10:29,334 [DEBUG]  Current task with data (4963, 8) scope [0, 1, 2, 3, 4, 6, 7] and condition [5]
2024-10-15 16:10:29,335 [DEBUG]  OP: Operation.REMOVE_UNINFORMATIVE_FEATURES on slice (4963, 8) (remaining tasks 11)
2024-10-15 16:10:29,335 [DEBUG]  find uninformation condition, keeping only condition []
2024-10-15 16:10:29,335 [DEBUG]  The rest scope [0, 1, 2, 3, 4, 6, 7] and condition [] keep
2024-10-15 16:10:29,336 [DEBUG]  Current task with data (4958, 7) scope [0, 1, 2, 3, 4, 6, 7] and condition []
2024-10-15 16:10:29,336 [DEBUG]  OP: Operation.CREATE_LEAF on slice (4958, 7) (remaining tasks 11)
2024-10-15 16:10:29,340 [INFO ]  Multihistogram of size [7, 6, 11, 13, 22, 7, 33]
2024-10-15 16:10:30,535 [DEBUG]  		 created leaf Multi_histogram for scope=[0, 1, 2, 3, 4, 6, 7] and condition=[] (in 1.19892 secs)
2024-10-15 16:10:30,536 [DEBUG]  Current task with data (4011, 7) scope [0, 1, 2, 3, 4, 6, 7] and condition []
2024-10-15 16:10:30,536 [DEBUG]  OP: Operation.CREATE_LEAF on slice (4011, 7) (remaining tasks 10)
2024-10-15 16:10:30,539 [INFO ]  Multihistogram of size [6, 6, 10, 12, 20, 6, 29]
2024-10-15 16:10:31,082 [DEBUG]  		 created leaf Multi_histogram for scope=[0, 1, 2, 3, 4, 6, 7] and condition=[] (in 0.54564 secs)
2024-10-15 16:10:31,082 [DEBUG]  Current task with data (4058, 8) scope [0, 1, 2, 3, 4, 6, 7] and condition [5]
2024-10-15 16:10:31,083 [DEBUG]  OP: Operation.REMOVE_UNINFORMATIVE_FEATURES on slice (4058, 8) (remaining tasks 9)
2024-10-15 16:10:31,083 [DEBUG]  find uninformation condition, keeping only condition []
2024-10-15 16:10:31,083 [DEBUG]  The rest scope [0, 1, 2, 3, 4, 6, 7] and condition [] keep
2024-10-15 16:10:31,083 [DEBUG]  Current task with data (3032, 8) scope [0, 1, 2, 3, 4, 6, 7] and condition [5]
2024-10-15 16:10:31,083 [DEBUG]  OP: Operation.REMOVE_UNINFORMATIVE_FEATURES on slice (3032, 8) (remaining tasks 9)
2024-10-15 16:10:31,083 [DEBUG]  find uninformation condition, keeping only condition []
2024-10-15 16:10:31,083 [DEBUG]  The rest scope [0, 1, 2, 3, 4, 6, 7] and condition [] keep
2024-10-15 16:10:31,084 [DEBUG]  Current task with data (3109, 8) scope [0, 1, 2, 3, 4, 6, 7] and condition [5]
2024-10-15 16:10:31,084 [DEBUG]  OP: Operation.REMOVE_UNINFORMATIVE_FEATURES on slice (3109, 8) (remaining tasks 9)
2024-10-15 16:10:31,084 [DEBUG]  find uninformation condition, keeping only condition []
2024-10-15 16:10:31,084 [DEBUG]  The rest scope [0, 1, 2, 3, 4, 6, 7] and condition [] keep
2024-10-15 16:10:31,084 [DEBUG]  Current task with data (6634, 8) scope [0, 1, 2, 3, 4, 6, 7] and condition [5]
2024-10-15 16:10:33,747 [DEBUG]  calculating pairwise RDC on sample 100000 takes 2.661799669265747 secs
2024-10-15 16:10:33,748 [DEBUG]  OP: Operation.SPLIT_ROWS_CONDITION on slice (6634, 8) (remaining tasks 9)
2024-10-15 16:10:33,748 [DEBUG]  fanout_location [], condition_location [5], query_attr [5]
2024-10-15 16:10:33,748 [INFO ]  find optimal attribute: 5
2024-10-15 16:10:33,749 [INFO ]  find optimal clusters: [{5: [(24, 24)]}, {5: [(25.0, 29)]}]
2024-10-15 16:10:33,750 [DEBUG]  		found 2 row clusters (in 0.00254 secs)
2024-10-15 16:10:33,751 [DEBUG]  Current task with data (1715, 7) scope [0, 1, 2, 3, 4, 6, 7] and condition []
2024-10-15 16:10:33,751 [DEBUG]  OP: Operation.CREATE_LEAF on slice (1715, 7) (remaining tasks 10)
2024-10-15 16:10:33,753 [INFO ]  Multihistogram of size [2, 2, 2, 4, 4, 2, 5]
2024-10-15 16:10:33,754 [DEBUG]  		 created leaf Multi_histogram for scope=[0, 1, 2, 3, 4, 6, 7] and condition=[] (in 0.00348 secs)
2024-10-15 16:10:33,755 [DEBUG]  Current task with data (3840, 7) scope [0, 1, 2, 3, 4, 6, 7] and condition []
2024-10-15 16:10:33,755 [DEBUG]  OP: Operation.CREATE_LEAF on slice (3840, 7) (remaining tasks 9)
2024-10-15 16:10:33,758 [INFO ]  Multihistogram of size [3, 3, 4, 6, 8, 3, 11]
2024-10-15 16:10:33,761 [DEBUG]  		 created leaf Multi_histogram for scope=[0, 1, 2, 3, 4, 6, 7] and condition=[] (in 0.00612 secs)
2024-10-15 16:10:33,761 [DEBUG]  Current task with data (3816, 7) scope [0, 1, 2, 3, 4, 6, 7] and condition []
2024-10-15 16:10:33,761 [DEBUG]  OP: Operation.CREATE_LEAF on slice (3816, 7) (remaining tasks 8)
2024-10-15 16:10:33,765 [INFO ]  Multihistogram of size [5, 5, 8, 10, 16, 5, 23]
2024-10-15 16:10:33,937 [DEBUG]  		 created leaf Multi_histogram for scope=[0, 1, 2, 3, 4, 6, 7] and condition=[] (in 0.17530 secs)
2024-10-15 16:10:33,937 [DEBUG]  Current task with data (4887, 7) scope [0, 1, 2, 3, 4, 6, 7] and condition []
2024-10-15 16:10:33,937 [DEBUG]  OP: Operation.CREATE_LEAF on slice (4887, 7) (remaining tasks 7)
2024-10-15 16:10:33,940 [INFO ]  Multihistogram of size [6, 6, 10, 12, 20, 6, 29]
2024-10-15 16:10:34,654 [DEBUG]  		 created leaf Multi_histogram for scope=[0, 1, 2, 3, 4, 6, 7] and condition=[] (in 0.71651 secs)
2024-10-15 16:10:34,654 [DEBUG]  Current task with data (5123, 7) scope [0, 1, 2, 3, 4, 6, 7] and condition []
2024-10-15 16:10:34,654 [DEBUG]  OP: Operation.CREATE_LEAF on slice (5123, 7) (remaining tasks 6)
2024-10-15 16:10:34,658 [INFO ]  Multihistogram of size [7, 6, 11, 13, 22, 7, 33]
2024-10-15 16:10:35,909 [DEBUG]  		 created leaf Multi_histogram for scope=[0, 1, 2, 3, 4, 6, 7] and condition=[] (in 1.25418 secs)
2024-10-15 16:10:35,909 [DEBUG]  Current task with data (4963, 7) scope [0, 1, 2, 3, 4, 6, 7] and condition []
2024-10-15 16:10:35,909 [DEBUG]  OP: Operation.CREATE_LEAF on slice (4963, 7) (remaining tasks 5)
2024-10-15 16:10:35,913 [INFO ]  Multihistogram of size [7, 6, 11, 13, 22, 7, 33]
2024-10-15 16:10:37,140 [DEBUG]  		 created leaf Multi_histogram for scope=[0, 1, 2, 3, 4, 6, 7] and condition=[] (in 1.23033 secs)
2024-10-15 16:10:37,140 [DEBUG]  Current task with data (4058, 7) scope [0, 1, 2, 3, 4, 6, 7] and condition []
2024-10-15 16:10:37,140 [DEBUG]  OP: Operation.CREATE_LEAF on slice (4058, 7) (remaining tasks 4)
2024-10-15 16:10:37,143 [INFO ]  Multihistogram of size [6, 6, 10, 12, 20, 6, 29]
2024-10-15 16:10:37,918 [DEBUG]  		 created leaf Multi_histogram for scope=[0, 1, 2, 3, 4, 6, 7] and condition=[] (in 0.77773 secs)
2024-10-15 16:10:37,918 [DEBUG]  Current task with data (3032, 7) scope [0, 1, 2, 3, 4, 6, 7] and condition []
2024-10-15 16:10:37,919 [DEBUG]  OP: Operation.CREATE_LEAF on slice (3032, 7) (remaining tasks 3)
2024-10-15 16:10:37,922 [INFO ]  Multihistogram of size [5, 5, 8, 10, 16, 5, 23]
2024-10-15 16:10:38,083 [DEBUG]  		 created leaf Multi_histogram for scope=[0, 1, 2, 3, 4, 6, 7] and condition=[] (in 0.16418 secs)
2024-10-15 16:10:38,084 [DEBUG]  Current task with data (3109, 7) scope [0, 1, 2, 3, 4, 6, 7] and condition []
2024-10-15 16:10:38,085 [DEBUG]  OP: Operation.CREATE_LEAF on slice (3109, 7) (remaining tasks 2)
2024-10-15 16:10:38,090 [INFO ]  Multihistogram of size [5, 5, 8, 10, 16, 5, 23]
2024-10-15 16:10:38,235 [DEBUG]  		 created leaf Multi_histogram for scope=[0, 1, 2, 3, 4, 6, 7] and condition=[] (in 0.14923 secs)
2024-10-15 16:10:38,235 [DEBUG]  Current task with data (2080, 8) scope [0, 1, 2, 3, 4, 6, 7] and condition [5]
2024-10-15 16:10:38,235 [DEBUG]  OP: Operation.REMOVE_UNINFORMATIVE_FEATURES on slice (2080, 8) (remaining tasks 1)
2024-10-15 16:10:38,236 [DEBUG]  find uninformation condition, keeping only condition []
2024-10-15 16:10:38,236 [DEBUG]  The rest scope [0, 1, 2, 3, 4, 6, 7] and condition [] keep
2024-10-15 16:10:38,236 [DEBUG]  Current task with data (4554, 8) scope [0, 1, 2, 3, 4, 6, 7] and condition [5]
2024-10-15 16:10:40,340 [DEBUG]  calculating pairwise RDC on sample 100000 takes 2.1021111011505127 secs
2024-10-15 16:10:40,340 [DEBUG]  OP: Operation.SPLIT_ROWS_CONDITION on slice (4554, 8) (remaining tasks 1)
2024-10-15 16:10:40,341 [DEBUG]  fanout_location [], condition_location [5], query_attr [5]
2024-10-15 16:10:40,341 [INFO ]  find optimal attribute: 5
2024-10-15 16:10:40,342 [INFO ]  find optimal clusters: [{5: [(25, 25)]}, {5: [(26.0, 29)]}]
2024-10-15 16:10:40,343 [DEBUG]  		found 2 row clusters (in 0.00291 secs)
2024-10-15 16:10:40,344 [DEBUG]  Current task with data (2080, 7) scope [0, 1, 2, 3, 4, 6, 7] and condition []
2024-10-15 16:10:40,344 [DEBUG]  OP: Operation.CREATE_LEAF on slice (2080, 7) (remaining tasks 2)
2024-10-15 16:10:40,349 [INFO ]  Multihistogram of size [4, 4, 6, 8, 12, 4, 17]
2024-10-15 16:10:40,388 [DEBUG]  		 created leaf Multi_histogram for scope=[0, 1, 2, 3, 4, 6, 7] and condition=[] (in 0.04257 secs)
2024-10-15 16:10:40,388 [DEBUG]  Current task with data (2117, 8) scope [0, 1, 2, 3, 4, 6, 7] and condition [5]
2024-10-15 16:10:40,389 [DEBUG]  OP: Operation.REMOVE_UNINFORMATIVE_FEATURES on slice (2117, 8) (remaining tasks 1)
2024-10-15 16:10:40,389 [DEBUG]  find uninformation condition, keeping only condition []
2024-10-15 16:10:40,390 [DEBUG]  The rest scope [0, 1, 2, 3, 4, 6, 7] and condition [] keep
2024-10-15 16:10:40,390 [DEBUG]  Current task with data (2437, 8) scope [0, 1, 2, 3, 4, 6, 7] and condition [5]
2024-10-15 16:10:42,005 [DEBUG]  calculating pairwise RDC on sample 100000 takes 1.6147801876068115 secs
2024-10-15 16:10:42,006 [DEBUG]  OP: Operation.SPLIT_ROWS_CONDITION on slice (2437, 8) (remaining tasks 1)
2024-10-15 16:10:42,006 [DEBUG]  fanout_location [], condition_location [5], query_attr [5]
2024-10-15 16:10:42,007 [INFO ]  find optimal attribute: 5
2024-10-15 16:10:42,008 [INFO ]  find optimal clusters: [{5: [(26, 26)]}, {5: [(27.0, 29)]}]
2024-10-15 16:10:42,008 [DEBUG]  		found 2 row clusters (in 0.00201 secs)
2024-10-15 16:10:42,009 [DEBUG]  Current task with data (2117, 7) scope [0, 1, 2, 3, 4, 6, 7] and condition []
2024-10-15 16:10:42,009 [DEBUG]  OP: Operation.CREATE_LEAF on slice (2117, 7) (remaining tasks 2)
2024-10-15 16:10:42,012 [INFO ]  Multihistogram of size [4, 4, 6, 8, 12, 4, 17]
2024-10-15 16:10:42,048 [DEBUG]  		 created leaf Multi_histogram for scope=[0, 1, 2, 3, 4, 6, 7] and condition=[] (in 0.03867 secs)
2024-10-15 16:10:42,049 [DEBUG]  Current task with data (1156, 8) scope [0, 1, 2, 3, 4, 6, 7] and condition [5]
2024-10-15 16:10:42,049 [DEBUG]  OP: Operation.REMOVE_UNINFORMATIVE_FEATURES on slice (1156, 8) (remaining tasks 1)
2024-10-15 16:10:42,050 [DEBUG]  find uninformation condition, keeping only condition []
2024-10-15 16:10:42,050 [DEBUG]  The rest scope [0, 1, 2, 3, 4, 6, 7] and condition [] keep
2024-10-15 16:10:42,050 [DEBUG]  Current task with data (1281, 8) scope [0, 1, 2, 3, 4, 6, 7] and condition [5]
2024-10-15 16:10:42,665 [DEBUG]  calculating pairwise RDC on sample 100000 takes 0.6139917373657227 secs
2024-10-15 16:10:42,665 [DEBUG]  OP: Operation.SPLIT_ROWS_CONDITION on slice (1281, 8) (remaining tasks 1)
2024-10-15 16:10:42,665 [DEBUG]  fanout_location [], condition_location [5], query_attr [5]
2024-10-15 16:10:42,665 [INFO ]  find optimal attribute: 5
2024-10-15 16:10:42,666 [INFO ]  find optimal clusters: [{5: [(27, 27.0)]}, {5: [(28, 29)]}]
2024-10-15 16:10:42,666 [DEBUG]  		found 2 row clusters (in 0.00090 secs)
2024-10-15 16:10:42,666 [DEBUG]  Current task with data (1156, 7) scope [0, 1, 2, 3, 4, 6, 7] and condition []
2024-10-15 16:10:42,666 [DEBUG]  OP: Operation.CREATE_LEAF on slice (1156, 7) (remaining tasks 2)
2024-10-15 16:10:42,669 [INFO ]  Multihistogram of size [3, 3, 4, 6, 8, 3, 11]
2024-10-15 16:10:42,671 [DEBUG]  		 created leaf Multi_histogram for scope=[0, 1, 2, 3, 4, 6, 7] and condition=[] (in 0.00416 secs)
2024-10-15 16:10:42,671 [DEBUG]  Current task with data (1093, 8) scope [0, 1, 2, 3, 4, 6, 7] and condition [5]
2024-10-15 16:10:42,671 [DEBUG]  OP: Operation.REMOVE_UNINFORMATIVE_FEATURES on slice (1093, 8) (remaining tasks 1)
2024-10-15 16:10:42,671 [DEBUG]  find uninformation condition, keeping only condition []
2024-10-15 16:10:42,672 [DEBUG]  The rest scope [0, 1, 2, 3, 4, 6, 7] and condition [] keep
2024-10-15 16:10:42,672 [DEBUG]  Current task with data (188, 8) scope [0, 1, 2, 3, 4, 6, 7] and condition [5]
2024-10-15 16:10:42,920 [DEBUG]  calculating pairwise RDC on sample 100000 takes 0.24830889701843262 secs
2024-10-15 16:10:42,921 [DEBUG]  OP: Operation.REMOVE_CONDITION on slice (188, 8) (remaining tasks 1)
2024-10-15 16:10:42,921 [DEBUG]  Removed uniformative condition [5]
2024-10-15 16:10:42,921 [DEBUG]  Current task with data (1093, 7) scope [0, 1, 2, 3, 4, 6, 7] and condition []
2024-10-15 16:10:42,921 [DEBUG]  OP: Operation.CREATE_LEAF on slice (1093, 7) (remaining tasks 1)
2024-10-15 16:10:42,924 [INFO ]  Multihistogram of size [3, 3, 4, 6, 8, 3, 11]
2024-10-15 16:10:42,927 [DEBUG]  		 created leaf Multi_histogram for scope=[0, 1, 2, 3, 4, 6, 7] and condition=[] (in 0.00552 secs)
2024-10-15 16:10:42,927 [DEBUG]  Current task with data (188, 7) scope [0, 1, 2, 3, 4, 6, 7] and condition []
2024-10-15 16:10:42,927 [DEBUG]  OP: Operation.CREATE_LEAF on slice (188, 7) (remaining tasks 0)
2024-10-15 16:10:42,929 [INFO ]  Multihistogram of size [2, 2, 2, 4, 4, 2, 5]
2024-10-15 16:10:42,930 [DEBUG]  		 created leaf Multi_histogram for scope=[0, 1, 2, 3, 4, 6, 7] and condition=[] (in 0.00311 secs)
2024-10-15 16:10:42,934 [INFO ]  FSPN training complete, takes 131.0267310142517 seconds
